2023-08-23 00:59:08 | [INFO]    | Discordia 2.11.2
2023-08-23 00:59:08 | [INFO]    | Connecting to Discord...
2023-08-23 00:59:08 | [INFO]    | Authenticated as Lunara#6429
2023-08-23 00:59:08 | [INFO]    | Launching shard 0 (1 out of 1)...
2023-08-23 00:59:08 | [INFO]    | Shard 0 : Connected to wss://gateway.discord.gg
2023-08-23 00:59:08 | [INFO]    | Shard 0 : Received HELLO
2023-08-23 00:59:08 | [INFO]    | Shard 0 : Received READY
2023-08-23 01:16:22 | [INFO]    | Discordia 2.11.2
2023-08-23 01:16:22 | [INFO]    | Connecting to Discord...
2023-08-23 01:16:22 | [INFO]    | Authenticated as Lunara#6429
2023-08-23 01:16:22 | [INFO]    | Launching shard 0 (1 out of 1)...
2023-08-23 01:16:22 | [INFO]    | Shard 0 : Connected to wss://gateway.discord.gg
2023-08-23 01:16:22 | [INFO]    | Shard 0 : Received HELLO
2023-08-23 01:16:22 | [INFO]    | Shard 0 : Received READY
2023-08-23 01:17:29 | [INFO]    | Discordia 2.11.2
2023-08-23 01:17:29 | [INFO]    | Connecting to Discord...
2023-08-23 01:17:30 | [INFO]    | Authenticated as Lunara#6429
2023-08-23 01:17:30 | [INFO]    | Launching shard 0 (1 out of 1)...
2023-08-23 01:17:30 | [INFO]    | Shard 0 : Connected to wss://gateway.discord.gg
2023-08-23 01:17:30 | [INFO]    | Shard 0 : Received HELLO
2023-08-23 01:17:30 | [INFO]    | Shard 0 : Received READY
